
> sirius@1.0.0 dev /Users/bianlanzhou/Develop/workspace/Sirius/Sirius
> node build/dev-server.js

(node:25637) DeprecationWarning: loaderUtils.parseQuery() received a non-string value which can be problematic, see https://github.com/webpack/loader-utils/issues/56
parseQuery() will be replaced with getOptions() in the next major version of loader-utils.
 DONE  Compiled successfully in 3905ms11:09:07

> Listening at http://localhost:8080

 WAIT  Compiling...11:09:17

 DONE  Compiled successfully in 204ms11:09:18

 WAIT  Compiling...11:09:24

 DONE  Compiled successfully in 127ms11:09:25

 WAIT  Compiling...11:10:11

 DONE  Compiled successfully in 172ms11:10:11

 WAIT  Compiling...11:10:40

 DONE  Compiled successfully in 151ms11:10:41

 WAIT  Compiling...11:10:51

 DONE  Compiled successfully in 164ms11:10:51

 WAIT  Compiling...11:15:10

 DONE  Compiled successfully in 183ms11:15:11

 WAIT  Compiling...11:15:26

 DONE  Compiled successfully in 182ms11:15:26

 WAIT  Compiling...11:16:47

 DONE  Compiled successfully in 174ms11:16:47

 WAIT  Compiling...11:17:22

 DONE  Compiled successfully in 143ms11:17:23

 WAIT  Compiling...11:17:32

 DONE  Compiled successfully in 155ms11:17:33


> sirius@1.0.0 dev /Users/bianlanzhou/Develop/workspace/Sirius
> node build/dev-server.js

(node:3718) DeprecationWarning: loaderUtils.parseQuery() received a non-string value which can be problematic, see https://github.com/webpack/loader-utils/issues/56
parseQuery() will be replaced with getOptions() in the next major version of loader-utils.
 DONE  Compiled successfully in 4653ms21:39:03

> Listening at http://localhost:8080

 WAIT  Compiling...17:33:40

 ERROR  Failed to compile with 1 errors17:33:41

 error  in ./src/components/home/Home.vue

Module build failed: Duplicate declaration "goodsShow"

   7 | 
   8 | import goodsShow from 'components/common/GoodsShow'
>  9 | import goodsShow from 'components/common/Notice'
     |        ^
  10 | export default {
  11 |   name: 'Home',
  12 |   data () {


 @ ./src/components/home/Home.vue 7:2-104
 @ ./src/router/index.js
 @ ./src/main.js
 @ multi ./build/dev-client ./src/main.js

 WAIT  Compiling...17:33:41

 ERROR  Failed to compile with 1 errors17:33:41

 error  in ./src/components/home/Home.vue

Module build failed: Duplicate declaration "goodsShow"

   7 | 
   8 | import goodsShow from 'components/common/GoodsShow'
>  9 | import goodsShow from 'components/common/Notice'
     |        ^
  10 | export default {
  11 |   name: 'Home',
  12 |   data () {


 @ ./src/components/home/Home.vue 7:2-104
 @ ./src/router/index.js
 @ ./src/main.js
 @ multi ./build/dev-client ./src/main.js

 WAIT  Compiling...17:33:41

 ERROR  Failed to compile with 1 errors17:33:41

 error  in ./src/components/home/Home.vue

Module build failed: Duplicate declaration "goodsShow"

   7 | 
   8 | import goodsShow from 'components/common/GoodsShow'
>  9 | import goodsShow from 'components/common/Notice'
     |        ^
  10 | export default {
  11 |   name: 'Home',
  12 |   data () {


 @ ./src/components/home/Home.vue 7:2-104
 @ ./src/router/index.js
 @ ./src/main.js
 @ multi ./build/dev-client ./src/main.js

 WAIT  Compiling...17:33:48

 ERROR  Failed to compile with 1 errors17:33:50

 error  in ./src/components/common/Notice.vue

Syntax Error: Unexpected token, expected , (12:18)

  10 |   data () {
  11 |     return {
> 12 |       leftLength:0;
     |                   ^
  13 |       time:0;
  14 |       message:"test";
  15 |       speed:1;



 @ ./src/components/common/Notice.vue 7:2-106
 @ ./~/babel-loader/lib!./~/vue-loader/lib/selector.js?type=script&index=0!./src/components/home/Home.vue
 @ ./src/components/home/Home.vue
 @ ./src/router/index.js
 @ ./src/main.js
 @ multi ./build/dev-client ./src/main.js

 WAIT  Compiling...17:33:56

 ERROR  Failed to compile with 1 errors17:33:56

 error  in ./src/components/common/Notice.vue

Syntax Error: Unexpected token, expected , (12:18)

  10 |   data () {
  11 |     return {
> 12 |       leftLength:0;
     |                   ^
  13 |       time:0;
  14 |       message:"test";
  15 |       speed:1;



 @ ./src/components/common/Notice.vue 7:2-106
 @ ./~/babel-loader/lib!./~/vue-loader/lib/selector.js?type=script&index=0!./src/components/home/Home.vue
 @ ./src/components/home/Home.vue
 @ ./src/router/index.js
 @ ./src/main.js
 @ multi ./build/dev-client ./src/main.js

 WAIT  Compiling...17:33:56

 ERROR  Failed to compile with 1 errors17:33:57

 error  in ./src/components/common/Notice.vue

Syntax Error: Unexpected token, expected , (12:18)

  10 |   data () {
  11 |     return {
> 12 |       leftLength:0;
     |                   ^
  13 |       time:0;
  14 |       message:"test";
  15 |       speed:1;



 @ ./src/components/common/Notice.vue 7:2-106
 @ ./~/babel-loader/lib!./~/vue-loader/lib/selector.js?type=script&index=0!./src/components/home/Home.vue
 @ ./src/components/home/Home.vue
 @ ./src/router/index.js
 @ ./src/main.js
 @ multi ./build/dev-client ./src/main.js

 WAIT  Compiling...17:33:57

 ERROR  Failed to compile with 1 errors17:33:58

 error  in ./src/components/common/Notice.vue

Syntax Error: Unexpected token, expected , (12:18)

  10 |   data () {
  11 |     return {
> 12 |       leftLength:0;
     |                   ^
  13 |       time:0;
  14 |       message:"test";
  15 |       speed:1;



 @ ./src/components/common/Notice.vue 7:2-106
 @ ./~/babel-loader/lib!./~/vue-loader/lib/selector.js?type=script&index=0!./src/components/home/Home.vue
 @ ./src/components/home/Home.vue
 @ ./src/router/index.js
 @ ./src/main.js
 @ multi ./build/dev-client ./src/main.js

 WAIT  Compiling...17:34:02

 ERROR  Failed to compile with 1 errors17:34:02

 error  in ./src/components/common/Notice.vue

Syntax Error: Unexpected token, expected , (12:18)

  10 |   data () {
  11 |     return {
> 12 |       leftLength:0;
     |                   ^
  13 |       time:0;
  14 |       message:"test";
  15 |       speed:1;



 @ ./src/components/common/Notice.vue 7:2-106
 @ ./~/babel-loader/lib!./~/vue-loader/lib/selector.js?type=script&index=0!./src/components/home/Home.vue
 @ ./src/components/home/Home.vue
 @ ./src/router/index.js
 @ ./src/main.js
 @ multi ./build/dev-client ./src/main.js

 WAIT  Compiling...17:34:28

 ERROR  Failed to compile with 1 errors17:34:28

 error  in ./src/components/common/Notice.vue


  Vue template syntax error:

  invalid expression: v-bind:style="left:{{ leftLength }}"


 @ ./src/components/common/Notice.vue 9:2-169
 @ ./~/babel-loader/lib!./~/vue-loader/lib/selector.js?type=script&index=0!./src/components/home/Home.vue
 @ ./src/components/home/Home.vue
 @ ./src/router/index.js
 @ ./src/main.js
 @ multi ./build/dev-client ./src/main.js

 WAIT  Compiling...17:36:48

 DONE  Compiled successfully in 281ms17:36:49

 WAIT  Compiling...17:37:45

 DONE  Compiled successfully in 377ms17:37:46

 WAIT  Compiling...17:37:57

 DONE  Compiled successfully in 228ms17:37:58

 WAIT  Compiling...17:38:15

 DONE  Compiled successfully in 191ms17:38:16

 WAIT  Compiling...17:45:46

 DONE  Compiled successfully in 245ms17:45:47

 WAIT  Compiling...17:45:47

 DONE  Compiled successfully in 142ms17:45:47

 WAIT  Compiling...17:46:03

 DONE  Compiled successfully in 166ms17:46:03

 WAIT  Compiling...17:46:19

 DONE  Compiled successfully in 193ms17:46:19

 WAIT  Compiling...17:46:20

 DONE  Compiled successfully in 154ms17:46:20

 WAIT  Compiling...17:47:37

 DONE  Compiled successfully in 243ms17:47:37

 WAIT  Compiling...17:48:07

 DONE  Compiled successfully in 184ms17:48:07

 WAIT  Compiling...17:48:07

 DONE  Compiled successfully in 123ms17:48:07

 WAIT  Compiling...17:48:08

 DONE  Compiled successfully in 111ms17:48:09

 WAIT  Compiling...17:48:09

 DONE  Compiled successfully in 112ms17:48:09

 WAIT  Compiling...17:49:08

 DONE  Compiled successfully in 256ms17:49:09

 WAIT  Compiling...17:49:16

 DONE  Compiled successfully in 204ms17:49:16

 WAIT  Compiling...17:49:35

 DONE  Compiled successfully in 153ms17:49:35

 WAIT  Compiling...17:51:40

 DONE  Compiled successfully in 199ms17:51:40

 WAIT  Compiling...17:51:41

 DONE  Compiled successfully in 137ms17:51:41

 WAIT  Compiling...17:52:04

 DONE  Compiled successfully in 178ms17:52:04

 WAIT  Compiling...17:52:14

 DONE  Compiled successfully in 193ms17:52:14

 WAIT  Compiling...17:52:36

 DONE  Compiled successfully in 169ms17:52:36

 WAIT  Compiling...17:52:48

 DONE  Compiled successfully in 168ms17:52:49

 WAIT  Compiling...17:55:01

 DONE  Compiled successfully in 265ms17:55:01

 WAIT  Compiling...17:55:23

 DONE  Compiled successfully in 193ms17:55:23

 WAIT  Compiling...17:58:51

 DONE  Compiled successfully in 221ms17:58:52

 WAIT  Compiling...17:59:00

 DONE  Compiled successfully in 121ms17:59:01

 WAIT  Compiling...17:59:31

 DONE  Compiled successfully in 200ms17:59:32

 WAIT  Compiling...17:59:33

 DONE  Compiled successfully in 223ms17:59:34

 WAIT  Compiling...18:01:06

 DONE  Compiled successfully in 194ms18:01:07

 WAIT  Compiling...18:01:45

 DONE  Compiled successfully in 235ms18:01:45

 WAIT  Compiling...18:01:59

 DONE  Compiled successfully in 223ms18:02:00

 WAIT  Compiling...18:03:25

 DONE  Compiled successfully in 201ms18:03:26

 WAIT  Compiling...18:03:52

 DONE  Compiled successfully in 119ms18:03:52

 WAIT  Compiling...18:12:56

 ERROR  Failed to compile with 1 errors18:12:56

 error  in ./src/components/common/Notice.vue

Syntax Error: Unexpected character '；' (44:65)

  42 |     },
  43 |     containerMouseout:function(){
> 44 |     	console.log(this.$el.querySelector("#content").offsetHeight)；
     |     	                                                            ^
  45 |     	console.log(this.$el.querySelector("#content").offsetHeight)；
  46 |     	
  47 |     	//this.move();



 @ ./src/components/common/Notice.vue 7:2-106
 @ ./~/babel-loader/lib!./~/vue-loader/lib/selector.js?type=script&index=0!./src/components/home/Home.vue
 @ ./src/components/home/Home.vue
 @ ./src/router/index.js
 @ ./src/main.js
 @ multi ./build/dev-client ./src/main.js

 WAIT  Compiling...18:13:03

 ERROR  Failed to compile with 1 errors18:13:04

 error  in ./src/components/common/Notice.vue

Syntax Error: Unexpected character '；' (44:65)

  42 |     },
  43 |     containerMouseout:function(){
> 44 |     	console.log(this.$el.querySelector("#content").offsetHeight)；
     |     	                                                            ^
  45 |     	console.log(this.$el.querySelector("#content").scrollHeight)；
  46 | 
  47 |     	//this.move();



 @ ./src/components/common/Notice.vue 7:2-106
 @ ./~/babel-loader/lib!./~/vue-loader/lib/selector.js?type=script&index=0!./src/components/home/Home.vue
 @ ./src/components/home/Home.vue
 @ ./src/router/index.js
 @ ./src/main.js
 @ multi ./build/dev-client ./src/main.js

 WAIT  Compiling...18:13:04

 ERROR  Failed to compile with 1 errors18:13:04

 error  in ./src/components/common/Notice.vue

Syntax Error: Unexpected character '；' (44:65)

  42 |     },
  43 |     containerMouseout:function(){
> 44 |     	console.log(this.$el.querySelector("#content").offsetHeight)；
     |     	                                                            ^
  45 |     	console.log(this.$el.querySelector("#content").scrollHeight)；
  46 | 
  47 |     	//this.move();



 @ ./src/components/common/Notice.vue 7:2-106
 @ ./~/babel-loader/lib!./~/vue-loader/lib/selector.js?type=script&index=0!./src/components/home/Home.vue
 @ ./src/components/home/Home.vue
 @ ./src/router/index.js
 @ ./src/main.js
 @ multi ./build/dev-client ./src/main.js

 WAIT  Compiling...18:13:26

 DONE  Compiled successfully in 202ms18:13:26

 WAIT  Compiling...18:14:15

 DONE  Compiled successfully in 237ms18:14:16

 WAIT  Compiling...18:14:41

 DONE  Compiled successfully in 229ms18:14:41

 WAIT  Compiling...18:15:01

 DONE  Compiled successfully in 191ms18:15:01

 WAIT  Compiling...18:15:33

 DONE  Compiled successfully in 194ms18:15:33

 WAIT  Compiling...18:15:45

 DONE  Compiled successfully in 200ms18:15:46

 WAIT  Compiling...18:15:56

 DONE  Compiled successfully in 183ms18:15:56

 WAIT  Compiling...18:16:14

 DONE  Compiled successfully in 186ms18:16:15

 WAIT  Compiling...18:16:20

 DONE  Compiled successfully in 168ms18:16:20

 WAIT  Compiling...18:16:35

 DONE  Compiled successfully in 187ms18:16:35

 WAIT  Compiling...18:16:55

 DONE  Compiled successfully in 177ms18:16:56

 WAIT  Compiling...18:17:37

 DONE  Compiled successfully in 269ms18:17:38

 WAIT  Compiling...18:18:08

 DONE  Compiled successfully in 194ms18:18:08

 WAIT  Compiling...18:18:12

 DONE  Compiled successfully in 129ms18:18:12

 WAIT  Compiling...18:18:12

 DONE  Compiled successfully in 84ms18:18:13

 WAIT  Compiling...18:18:13

 DONE  Compiled successfully in 88ms18:18:13

 WAIT  Compiling...18:18:20

 DONE  Compiled successfully in 177ms18:18:20

 WAIT  Compiling...18:19:14

 DONE  Compiled successfully in 302ms18:19:14

 WAIT  Compiling...18:20:19

 DONE  Compiled successfully in 190ms18:20:19

 WAIT  Compiling...18:20:37

 DONE  Compiled successfully in 139ms18:20:37

 WAIT  Compiling...18:20:38

 DONE  Compiled successfully in 93ms18:20:38

 WAIT  Compiling...18:20:45

 DONE  Compiled successfully in 225ms18:20:46

 WAIT  Compiling...18:21:34

 DONE  Compiled successfully in 191ms18:21:34

 WAIT  Compiling...18:22:30

 DONE  Compiled successfully in 210ms18:22:31

 WAIT  Compiling...18:22:57

 DONE  Compiled successfully in 185ms18:22:57

 WAIT  Compiling...18:22:59

 DONE  Compiled successfully in 119ms18:22:59

 WAIT  Compiling...18:24:24

 ERROR  Failed to compile with 1 errors18:24:24

 error  in ./src/components/common/Notice.vue

Syntax Error: Unexpected token (18:2)

  16 |     }
  17 |   },
> 18 |   :{
     |   ^
  19 |   	console.log("ready");
  20 |   	this.roll();
  21 |   },



 @ ./src/components/common/Notice.vue 7:2-106
 @ ./~/babel-loader/lib!./~/vue-loader/lib/selector.js?type=script&index=0!./src/components/home/Home.vue
 @ ./src/components/home/Home.vue
 @ ./src/router/index.js
 @ ./src/main.js
 @ multi ./build/dev-client ./src/main.js

 WAIT  Compiling...18:24:27

 ERROR  Failed to compile with 1 errors18:24:28

 error  in ./src/components/common/Notice.vue

Syntax Error: Unexpected token, expected , (19:10)

  17 |   },
  18 |   ready:{
> 19 |   	console.log("ready");
     |   	       ^
  20 |   	this.roll();
  21 |   },
  22 |   methods:{



 @ ./src/components/common/Notice.vue 7:2-106
 @ ./~/babel-loader/lib!./~/vue-loader/lib/selector.js?type=script&index=0!./src/components/home/Home.vue
 @ ./src/components/home/Home.vue
 @ ./src/router/index.js
 @ ./src/main.js
 @ multi ./build/dev-client ./src/main.js

 WAIT  Compiling...18:24:49

 DONE  Compiled successfully in 183ms18:24:49

 WAIT  Compiling...18:27:16

 DONE  Compiled successfully in 196ms18:27:17

 WAIT  Compiling...18:27:35

 DONE  Compiled successfully in 184ms18:27:36

 WAIT  Compiling...18:28:15

 DONE  Compiled successfully in 272ms18:28:16


> sirius@1.0.0 dev /Users/bianlanzhou/Develop/workspace/Sirius
> node build/dev-server.js

events.js:160
      throw er; // Unhandled 'error' event
      ^

Error: listen EADDRINUSE :::8080
    at Object.exports._errnoException (util.js:1007:11)
    at exports._exceptionWithHostPort (util.js:1030:20)
    at Server._listen2 (net.js:1253:14)
    at listen (net.js:1289:10)
    at Server.listen (net.js:1385:5)
    at EventEmitter.listen (/Users/bianlanzhou/Develop/workspace/Sirius/node_modules/express/lib/application.js:617:24)
    at Object.<anonymous> (/Users/bianlanzhou/Develop/workspace/Sirius/build/dev-server.js:71:22)
    at Module._compile (module.js:541:32)
    at Object.Module._extensions..js (module.js:550:10)
    at Module.load (module.js:458:32)
    at tryModuleLoad (module.js:417:12)
    at Function.Module._load (module.js:409:3)
    at Module.runMain (module.js:575:10)
    at run (node.js:348:7)
    at startup (node.js:140:9)
    at node.js:463:3

npm ERR! Darwin 14.5.0
npm ERR! argv "/usr/local/bin/node" "/usr/local/bin/npm" "run" "dev"
npm ERR! node v6.2.2
npm ERR! npm  v3.9.5
npm ERR! code ELIFECYCLE
npm ERR! sirius@1.0.0 dev: `node build/dev-server.js`
npm ERR! Exit status 1
npm ERR! 
npm ERR! Failed at the sirius@1.0.0 dev script 'node build/dev-server.js'.
npm ERR! Make sure you have the latest version of node.js and npm installed.
npm ERR! If you do, this is most likely a problem with the sirius package,
npm ERR! not with npm itself.
npm ERR! Tell the author that this fails on your system:
npm ERR!     node build/dev-server.js
npm ERR! You can get information on how to open an issue for this project with:
npm ERR!     npm bugs sirius
npm ERR! Or if that isn't available, you can get their info via:
npm ERR!     npm owner ls sirius
npm ERR! There is likely additional logging output above.

npm ERR! Please include the following file with any support request:
npm ERR!     /Users/bianlanzhou/Develop/workspace/Sirius/npm-debug.log
 WAIT  Compiling...12:24:37

 DONE  Compiled successfully in 270ms12:24:38

 WAIT  Compiling...12:27:11

 DONE  Compiled successfully in 197ms12:27:12

 WAIT  Compiling...12:27:12

 DONE  Compiled successfully in 121ms12:27:12

 WAIT  Compiling...12:27:14

 DONE  Compiled successfully in 118ms12:27:15

 WAIT  Compiling...12:27:15

 DONE  Compiled successfully in 117ms12:27:15

 WAIT  Compiling...12:27:16

 DONE  Compiled successfully in 85ms12:27:16

 WAIT  Compiling...12:27:16

 DONE  Compiled successfully in 95ms12:27:17

 WAIT  Compiling...12:27:17

 DONE  Compiled successfully in 91ms12:27:18

 WAIT  Compiling...12:27:18

 DONE  Compiled successfully in 76ms12:27:19

 WAIT  Compiling...12:27:25

 DONE  Compiled successfully in 132ms12:27:26

 WAIT  Compiling...12:27:58

 DONE  Compiled successfully in 167ms12:27:58

 WAIT  Compiling...12:28:03

 DONE  Compiled successfully in 553ms12:28:03

 WAIT  Compiling...12:28:04

 DONE  Compiled successfully in 93ms12:28:04

 WAIT  Compiling...12:28:05

 DONE  Compiled successfully in 83ms12:28:05

 WAIT  Compiling...12:35:48

 DONE  Compiled successfully in 202ms12:35:49

 WAIT  Compiling...12:36:15

 DONE  Compiled successfully in 184ms12:36:15

 WAIT  Compiling...12:36:35

 DONE  Compiled successfully in 112ms12:36:35

 WAIT  Compiling...12:36:54

 DONE  Compiled successfully in 185ms12:36:55

 WAIT  Compiling...12:36:58

 DONE  Compiled successfully in 232ms12:36:58

 WAIT  Compiling...12:37:10

 DONE  Compiled successfully in 225ms12:37:10

 WAIT  Compiling...12:37:11

 DONE  Compiled successfully in 112ms12:37:11

 WAIT  Compiling...12:39:42

 DONE  Compiled successfully in 194ms12:39:43

 WAIT  Compiling...12:40:05

 ERROR  Failed to compile with 1 errors12:40:06

 error  in ./src/components/common/Notice.vue

Syntax Error: Unexpected token (46:31)

  44 |     	
  45 |     },
> 46 |     containerMouseout:function(this){
     |                                ^
  47 |     	this.time=setInterval(
  48 |     		function(){
  49 |     			this.move();	



 @ ./src/components/common/Notice.vue 7:2-106
 @ ./~/babel-loader/lib!./~/vue-loader/lib/selector.js?type=script&index=0!./src/components/home/Home.vue
 @ ./src/components/home/Home.vue
 @ ./src/router/index.js
 @ ./src/main.js
 @ multi ./build/dev-client ./src/main.js

 WAIT  Compiling...12:40:06

 ERROR  Failed to compile with 1 errors12:40:07

 error  in ./src/components/common/Notice.vue

Syntax Error: Unexpected token (46:31)

  44 |     	
  45 |     },
> 46 |     containerMouseout:function(this){
     |                                ^
  47 |     	this.time=setInterval(
  48 |     		function(){
  49 |     			this.move();	



 @ ./src/components/common/Notice.vue 7:2-106
 @ ./~/babel-loader/lib!./~/vue-loader/lib/selector.js?type=script&index=0!./src/components/home/Home.vue
 @ ./src/components/home/Home.vue
 @ ./src/router/index.js
 @ ./src/main.js
 @ multi ./build/dev-client ./src/main.js

 WAIT  Compiling...12:40:20

 ERROR  Failed to compile with 1 errors12:40:20

 error  in ./src/components/common/Notice.vue

Syntax Error: Unexpected token (46:31)

  44 |     	
  45 |     },
> 46 |     containerMouseout:function(this.$el){
     |                                ^
  47 |     	this.time=setInterval(
  48 |     		function(){
  49 |     			this.move();	



 @ ./src/components/common/Notice.vue 7:2-106
 @ ./~/babel-loader/lib!./~/vue-loader/lib/selector.js?type=script&index=0!./src/components/home/Home.vue
 @ ./src/components/home/Home.vue
 @ ./src/router/index.js
 @ ./src/main.js
 @ multi ./build/dev-client ./src/main.js

 WAIT  Compiling...12:40:20

 ERROR  Failed to compile with 1 errors12:40:21

 error  in ./src/components/common/Notice.vue

Syntax Error: Unexpected token (46:31)

  44 |     	
  45 |     },
> 46 |     containerMouseout:function(this.$el){
     |                                ^
  47 |     	this.time=setInterval(
  48 |     		function(){
  49 |     			this.move();	



 @ ./src/components/common/Notice.vue 7:2-106
 @ ./~/babel-loader/lib!./~/vue-loader/lib/selector.js?type=script&index=0!./src/components/home/Home.vue
 @ ./src/components/home/Home.vue
 @ ./src/router/index.js
 @ ./src/main.js
 @ multi ./build/dev-client ./src/main.js

 WAIT  Compiling...12:40:27

 DONE  Compiled successfully in 173ms12:40:27

 WAIT  Compiling...12:40:54

 DONE  Compiled successfully in 225ms12:40:55

 WAIT  Compiling...12:41:03

 DONE  Compiled successfully in 187ms12:41:03

 WAIT  Compiling...12:41:06

 DONE  Compiled successfully in 186ms12:41:07

 WAIT  Compiling...12:41:18

 ERROR  Failed to compile with 1 errors12:41:18

 error  in ./src/components/common/Notice.vue

Syntax Error: Unexpected token (46:36)

  44 |     },
  45 |     containerMouseout:function(){
> 46 |     	this.time=setInterval(function(this.move()){},20);
     |     	                               ^
  47 |     }
  48 |   }
  49 | }



 @ ./src/components/common/Notice.vue 7:2-106
 @ ./~/babel-loader/lib!./~/vue-loader/lib/selector.js?type=script&index=0!./src/components/home/Home.vue
 @ ./src/components/home/Home.vue
 @ ./src/router/index.js
 @ ./src/main.js
 @ multi ./build/dev-client ./src/main.js

 WAIT  Compiling...12:41:32

 DONE  Compiled successfully in 201ms12:41:32

 WAIT  Compiling...12:41:32

 DONE  Compiled successfully in 130ms12:41:33

 WAIT  Compiling...12:41:35

 DONE  Compiled successfully in 103ms12:41:35

 WAIT  Compiling...12:41:53

 DONE  Compiled successfully in 163ms12:41:54

 WAIT  Compiling...12:42:45

 DONE  Compiled successfully in 126ms12:42:46

 WAIT  Compiling...12:43:18

 DONE  Compiled successfully in 198ms12:43:18

 WAIT  Compiling...12:43:18

 DONE  Compiled successfully in 122ms12:43:19

 WAIT  Compiling...12:43:19

 DONE  Compiled successfully in 105ms12:43:19

 WAIT  Compiling...12:43:19

 DONE  Compiled successfully in 117ms12:43:20

 WAIT  Compiling...12:43:21

 DONE  Compiled successfully in 97ms12:43:21

 WAIT  Compiling...12:43:35

 DONE  Compiled successfully in 227ms12:43:35

 WAIT  Compiling...12:44:06

 DONE  Compiled successfully in 237ms12:44:06

 WAIT  Compiling...12:44:07

 DONE  Compiled successfully in 125ms12:44:07

 WAIT  Compiling...12:44:58

 DONE  Compiled successfully in 114ms12:44:58

 WAIT  Compiling...12:44:59

 DONE  Compiled successfully in 94ms12:44:59

 WAIT  Compiling...12:45:47

 DONE  Compiled successfully in 162ms12:45:47

 WAIT  Compiling...12:46:11

 DONE  Compiled successfully in 270ms12:46:11

 WAIT  Compiling...12:46:35

 DONE  Compiled successfully in 186ms12:46:36

 WAIT  Compiling...12:46:38

 DONE  Compiled successfully in 118ms12:46:38

 WAIT  Compiling...12:47:13

 DONE  Compiled successfully in 190ms12:47:13

 WAIT  Compiling...12:47:50

 DONE  Compiled successfully in 224ms12:47:50

 WAIT  Compiling...12:47:58

 DONE  Compiled successfully in 190ms12:47:58

 WAIT  Compiling...12:48:09

 DONE  Compiled successfully in 190ms12:48:10

 WAIT  Compiling...12:48:29

 DONE  Compiled successfully in 185ms12:48:30

 WAIT  Compiling...12:48:30

 DONE  Compiled successfully in 116ms12:48:30

 WAIT  Compiling...12:49:27

 DONE  Compiled successfully in 233ms12:49:27

 WAIT  Compiling...12:49:46

 ERROR  Failed to compile with 1 errors12:49:47

 error  in ./src/components/common/Notice.vue

Syntax Error: Unexpected token (48:27)

  46 |     containerMouseout:function(){
  47 |     	
> 48 |     	this.time=setInterval(,20);
     |     	                      ^
  49 |     	console.log("time:"+this.time)
  50 |     }
  51 |   }



 @ ./src/components/common/Notice.vue 7:2-106
 @ ./~/babel-loader/lib!./~/vue-loader/lib/selector.js?type=script&index=0!./src/components/home/Home.vue
 @ ./src/components/home/Home.vue
 @ ./src/router/index.js
 @ ./src/main.js
 @ multi ./build/dev-client ./src/main.js

 WAIT  Compiling...12:49:47

 ERROR  Failed to compile with 1 errors12:49:48

 error  in ./src/components/common/Notice.vue

Syntax Error: Unexpected token (48:27)

  46 |     containerMouseout:function(){
  47 |     	
> 48 |     	this.time=setInterval(,20);
     |     	                      ^
  49 |     	console.log("time:"+this.time)
  50 |     }
  51 |   }



 @ ./src/components/common/Notice.vue 7:2-106
 @ ./~/babel-loader/lib!./~/vue-loader/lib/selector.js?type=script&index=0!./src/components/home/Home.vue
 @ ./src/components/home/Home.vue
 @ ./src/router/index.js
 @ ./src/main.js
 @ multi ./build/dev-client ./src/main.js

 WAIT  Compiling...12:50:54

 DONE  Compiled successfully in 159ms12:50:54

 WAIT  Compiling...12:51:01

 DONE  Compiled successfully in 107ms12:51:01

 WAIT  Compiling...12:51:02

 DONE  Compiled successfully in 85ms12:51:02

 WAIT  Compiling...12:51:26

 DONE  Compiled successfully in 197ms12:51:27

 WAIT  Compiling...12:51:43

 DONE  Compiled successfully in 222ms12:51:44

 WAIT  Compiling...13:35:57

 ERROR  Failed to compile with 1 errors13:35:57

 error  in ./src/components/common/Notice.vue

Syntax Error: Unexpected token, expected ; (48:9)

  46 |     containerMouseout:function(){
  47 |     	console.log(this)
> 48 |     	vat container=this
     |     	    ^
  49 |     	this.time=setInterval(function(container){
  50 |     		//console.log(this)
  51 |     		//$container.move();	



 @ ./src/components/common/Notice.vue 7:2-106
 @ ./~/babel-loader/lib!./~/vue-loader/lib/selector.js?type=script&index=0!./src/components/home/Home.vue
 @ ./src/components/home/Home.vue
 @ ./src/router/index.js
 @ ./src/main.js
 @ multi ./build/dev-client ./src/main.js

 WAIT  Compiling...13:35:58

 ERROR  Failed to compile with 1 errors13:35:58

 error  in ./src/components/common/Notice.vue

Syntax Error: Unexpected token, expected ; (48:9)

  46 |     containerMouseout:function(){
  47 |     	console.log(this)
> 48 |     	vat container=this
     |     	    ^
  49 |     	this.time=setInterval(function(container){
  50 |     		//console.log(this)
  51 |     		//$container.move();	



 @ ./src/components/common/Notice.vue 7:2-106
 @ ./~/babel-loader/lib!./~/vue-loader/lib/selector.js?type=script&index=0!./src/components/home/Home.vue
 @ ./src/components/home/Home.vue
 @ ./src/router/index.js
 @ ./src/main.js
 @ multi ./build/dev-client ./src/main.js

 WAIT  Compiling...13:35:58

 ERROR  Failed to compile with 1 errors13:35:58

 error  in ./src/components/common/Notice.vue

Syntax Error: Unexpected token, expected ; (48:9)

  46 |     containerMouseout:function(){
  47 |     	console.log(this)
> 48 |     	vat container=this
     |     	    ^
  49 |     	this.time=setInterval(function(container){
  50 |     		//console.log(this)
  51 |     		//$container.move();	



 @ ./src/components/common/Notice.vue 7:2-106
 @ ./~/babel-loader/lib!./~/vue-loader/lib/selector.js?type=script&index=0!./src/components/home/Home.vue
 @ ./src/components/home/Home.vue
 @ ./src/router/index.js
 @ ./src/main.js
 @ multi ./build/dev-client ./src/main.js

 WAIT  Compiling...13:36:25

 ERROR  Failed to compile with 1 errors13:36:25

 error  in ./src/components/common/Notice.vue

Syntax Error: Unexpected token, expected ; (48:9)

  46 |     containerMouseout:function(){
  47 |     	console.log(this)
> 48 |     	vat container=this
     |     	    ^
  49 |     	this.time=setInterval(function(){
  50 |     		//console.log(container)
  51 |     		//$container.move();	



 @ ./src/components/common/Notice.vue 7:2-106
 @ ./~/babel-loader/lib!./~/vue-loader/lib/selector.js?type=script&index=0!./src/components/home/Home.vue
 @ ./src/components/home/Home.vue
 @ ./src/router/index.js
 @ ./src/main.js
 @ multi ./build/dev-client ./src/main.js

 WAIT  Compiling...13:36:53

 DONE  Compiled successfully in 208ms13:36:54

 WAIT  Compiling...13:37:15

 DONE  Compiled successfully in 175ms13:37:15

 WAIT  Compiling...13:37:31

 DONE  Compiled successfully in 179ms13:37:32

 WAIT  Compiling...13:37:51

 DONE  Compiled successfully in 257ms13:37:52

 WAIT  Compiling...13:38:16

 DONE  Compiled successfully in 116ms13:38:17

 WAIT  Compiling...13:38:30

 DONE  Compiled successfully in 571ms13:38:30

 WAIT  Compiling...13:38:48

 DONE  Compiled successfully in 195ms13:38:49

 WAIT  Compiling...13:39:07

 DONE  Compiled successfully in 290ms13:39:07

 WAIT  Compiling...13:39:26

 DONE  Compiled successfully in 197ms13:39:26

 WAIT  Compiling...13:39:53

 DONE  Compiled successfully in 135ms13:39:53

 WAIT  Compiling...13:40:16

 DONE  Compiled successfully in 184ms13:40:17

 WAIT  Compiling...13:40:44

 DONE  Compiled successfully in 188ms13:40:44

 WAIT  Compiling...13:40:44

 DONE  Compiled successfully in 95ms13:40:45

 WAIT  Compiling...13:41:56

 DONE  Compiled successfully in 230ms13:41:56

 WAIT  Compiling...13:42:25

 DONE  Compiled successfully in 203ms13:42:26

 WAIT  Compiling...13:42:36

 DONE  Compiled successfully in 121ms13:42:36

 WAIT  Compiling...13:44:27

 DONE  Compiled successfully in 226ms13:44:28

 WAIT  Compiling...13:44:43

 DONE  Compiled successfully in 183ms13:44:43

 WAIT  Compiling...13:45:38

 DONE  Compiled successfully in 205ms13:45:39

 WAIT  Compiling...13:58:28

 DONE  Compiled successfully in 221ms13:58:28

 WAIT  Compiling...13:58:28

 DONE  Compiled successfully in 115ms13:58:29

 WAIT  Compiling...13:58:39

 DONE  Compiled successfully in 180ms13:58:39

 WAIT  Compiling...13:58:40

 DONE  Compiled successfully in 103ms13:58:40

 WAIT  Compiling...13:58:40

 DONE  Compiled successfully in 109ms13:58:41

 WAIT  Compiling...14:07:48

 ERROR  Failed to compile with 1 errors14:07:49

 error  in ./src/components/common/Notice.vue

Syntax Error: Unexpected character '／' (31:5)

  29 | 	    var init_left=this.$el.scrollWidth;
  30 | 	    this.leftLength = init_left ;
> 31 | 	    ／／this.time=setInterval(function(){move();},20);
     | 	    ^
  32 |     },
  33 |     move:function(){
  34 |       	var container_width = this.$el.scrollWidth;



 @ ./src/components/common/Notice.vue 7:2-106
 @ ./~/babel-loader/lib!./~/vue-loader/lib/selector.js?type=script&index=0!./src/components/home/Home.vue
 @ ./src/components/home/Home.vue
 @ ./src/router/index.js
 @ ./src/main.js
 @ multi ./build/dev-client ./src/main.js

 WAIT  Compiling...14:07:51

 DONE  Compiled successfully in 226ms14:07:51

 WAIT  Compiling...14:15:09

 DONE  Compiled successfully in 128ms14:15:09

 WAIT  Compiling...14:16:44

 DONE  Compiled successfully in 174ms14:16:44

 WAIT  Compiling...14:16:58

 DONE  Compiled successfully in 183ms14:16:59

 WAIT  Compiling...14:18:42

 DONE  Compiled successfully in 227ms14:18:42

 WAIT  Compiling...14:18:44

 DONE  Compiled successfully in 135ms14:18:45

 WAIT  Compiling...14:18:58

 DONE  Compiled successfully in 184ms14:18:58

 WAIT  Compiling...14:19:03

 DONE  Compiled successfully in 238ms14:19:03

 WAIT  Compiling...14:19:04

 DONE  Compiled successfully in 190ms14:19:04

 WAIT  Compiling...14:19:21

 DONE  Compiled successfully in 325ms14:19:21

 WAIT  Compiling...14:19:33

 DONE  Compiled successfully in 315ms14:19:33

 WAIT  Compiling...14:19:44

 DONE  Compiled successfully in 272ms14:19:46

 WAIT  Compiling...14:19:47

 DONE  Compiled successfully in 205ms14:19:47

 WAIT  Compiling...14:19:49

 DONE  Compiled successfully in 168ms14:19:50

 WAIT  Compiling...14:20:52

 ERROR  Failed to compile with 1 errors14:20:53

 error  in ./src/components/common/Notice.vue

Module build failed: Duplicate declaration "$container"

  27 |   		let $container=this
  28 | 		var speed=(document.all)?this.speed:Math.max(1,this.speed-1);
> 29 | 	    var $container=this.$el.querySelector("#container");
     | 	        ^
  30 | 	    var $content=this.$el.querySelector("#content");
  31 | 	    var init_left=this.$el.scrollWidth;
  32 | 	    this.leftLength = init_left;


 @ ./src/components/common/Notice.vue 7:2-106
 @ ./~/babel-loader/lib!./~/vue-loader/lib/selector.js?type=script&index=0!./src/components/home/Home.vue
 @ ./src/components/home/Home.vue
 @ ./src/router/index.js
 @ ./src/main.js
 @ multi ./build/dev-client ./src/main.js

 WAIT  Compiling...14:21:21

 DONE  Compiled successfully in 189ms14:21:21

 WAIT  Compiling...14:21:27

 DONE  Compiled successfully in 239ms14:21:28

 WAIT  Compiling...14:21:28

 DONE  Compiled successfully in 152ms14:21:29

 WAIT  Compiling...14:21:29

 DONE  Compiled successfully in 143ms14:21:30

 WAIT  Compiling...14:21:47

 DONE  Compiled successfully in 168ms14:21:48

 WAIT  Compiling...14:22:37

 DONE  Compiled successfully in 333ms14:22:38

 WAIT  Compiling...14:22:40

 DONE  Compiled successfully in 204ms14:22:41

 WAIT  Compiling...14:22:41

 DONE  Compiled successfully in 214ms14:22:41

 WAIT  Compiling...14:22:45

 DONE  Compiled successfully in 164ms14:22:45

 WAIT  Compiling...14:22:46

 DONE  Compiled successfully in 208ms14:22:46

 WAIT  Compiling...14:23:19

 DONE  Compiled successfully in 153ms14:23:19

 WAIT  Compiling...14:23:20

 DONE  Compiled successfully in 98ms14:23:21

 WAIT  Compiling...14:23:21

 DONE  Compiled successfully in 100ms14:23:22

 WAIT  Compiling...14:23:29

 DONE  Compiled successfully in 218ms14:23:29

 WAIT  Compiling...14:23:32

 DONE  Compiled successfully in 220ms14:23:32

 WAIT  Compiling...14:23:33

 DONE  Compiled successfully in 111ms14:23:33

 WAIT  Compiling...14:23:33

 DONE  Compiled successfully in 101ms14:23:33

 WAIT  Compiling...14:23:34

 DONE  Compiled successfully in 105ms14:23:34

 WAIT  Compiling...14:23:38

 DONE  Compiled successfully in 169ms14:23:38

 WAIT  Compiling...14:23:42

 DONE  Compiled successfully in 213ms14:23:43

 WAIT  Compiling...14:24:05

 DONE  Compiled successfully in 125ms14:24:06

 WAIT  Compiling...14:24:24

 DONE  Compiled successfully in 210ms14:24:25

